<?xml version="1.0" encoding="UTF-8"?>
<testng-results skipped="0" failed="0" total="1" passed="1">
  <reporter-output>
  </reporter-output>
  <suite name="TestSuite" duration-ms="18962" started-at="2017-08-29T06:20:37Z" finished-at="2017-08-29T06:20:56Z">
    <groups>
    </groups>
    <test name="Tests" duration-ms="18962" started-at="2017-08-29T06:20:37Z" finished-at="2017-08-29T06:20:56Z">
      <class name="suite.MainAppTest">
        <test-method status="PASS" signature="setUp()[pri:0, instance:suite.MainAppTest@d80b78]" name="setUp" is-config="true" duration-ms="11966" started-at="2017-08-29T16:20:37Z" finished-at="2017-08-29T16:20:49Z">
          <reporter-output>
          </reporter-output>
        </test-method> <!-- setUp -->
        <test-method status="PASS" signature="emulatorTest()[pri:0, instance:suite.MainAppTest@d80b78]" name="emulatorTest" duration-ms="2620" started-at="2017-08-29T16:20:49Z" finished-at="2017-08-29T16:20:52Z">
          <reporter-output>
          </reporter-output>
        </test-method> <!-- emulatorTest -->
        <test-method status="PASS" signature="End()[pri:0, instance:suite.MainAppTest@d80b78]" name="End" is-config="true" duration-ms="4348" started-at="2017-08-29T16:20:52Z" finished-at="2017-08-29T16:20:56Z">
          <reporter-output>
          </reporter-output>
        </test-method> <!-- End -->
      </class> <!-- suite.MainAppTest -->
    </test> <!-- Tests -->
  </suite> <!-- TestSuite -->
</testng-results>
